localhost:3000/ (GET): Mon Jan 21 2019 09:38:13 GMT+0300 (Moscow Standard Time)
localhost:3000/ (GET): Mon Jan 21 2019 09:38:17 GMT+0300 (Moscow Standard Time)
localhost:3000/ (GET): Mon Jan 21 2019 09:40:03 GMT+0300 (Moscow Standard Time)
localhost:3000/ (GET): Mon Jan 21 2019 09:43:38 GMT+0300 (Moscow Standard Time)
localhost:3000/ (GET): Mon Jan 21 2019 09:43:45 GMT+0300 (Moscow Standard Time)
localhost:3000/ (GET): Mon Jan 21 2019 09:43:46 GMT+0300 (Moscow Standard Time)
localhost:3000/ (GET): Mon Jan 21 2019 09:43:46 GMT+0300 (Moscow Standard Time)
localhost:3000/ (GET): Mon Jan 21 2019 09:43:58 GMT+0300 (Moscow Standard Time)
localhost:3000/ (GET): Mon Jan 21 2019 09:43:59 GMT+0300 (Moscow Standard Time)
localhost:3000/ (GET): Mon Jan 21 2019 09:44:01 GMT+0300 (Moscow Standard Time)
localhost:3000/ (GET): Mon Jan 21 2019 09:44:03 GMT+0300 (Moscow Standard Time)
localhost:3000/ (GET): Mon Jan 21 2019 09:44:56 GMT+0300 (Moscow Standard Time)
localhost:3000/news (GET): Mon Jan 21 2019 09:45:56 GMT+0300 (Moscow Standard Time)
localhost:3000/news/892343743 (GET): Mon Jan 21 2019 09:47:01 GMT+0300 (Moscow Standard Time)
localhost:3000/news/1 (GET): Mon Jan 21 2019 09:48:00 GMT+0300 (Moscow Standard Time)
localhost:3000/news/1 (GET): Mon Jan 21 2019 09:48:07 GMT+0300 (Moscow Standard Time)
localhost:3000/news/16 (GET): Mon Jan 21 2019 09:48:11 GMT+0300 (Moscow Standard Time)
localhost:3000/news (GET): Mon Jan 21 2019 09:48:14 GMT+0300 (Moscow Standard Time)
localhost:3000/ (GET): Mon Jan 21 2019 09:48:17 GMT+0300 (Moscow Standard Time)
localhost:3000/ (GET): Sun Feb 10 2019 18:22:07 GMT+0300 (Moscow Standard Time)
localhost:3000/news (POST): Sun Feb 10 2019 18:37:22 GMT+0300 (Moscow Standard Time)
localhost:3000/news (POST): Sun Feb 10 2019 18:38:00 GMT+0300 (Moscow Standard Time)
localhost:3000/news (POST): Sun Feb 10 2019 18:41:19 GMT+0300 (Moscow Standard Time)
localhost:3000/news/5c60461fc101db26e86667ed (GET): Sun Feb 10 2019 18:45:45 GMT+0300 (Moscow Standard Time)
localhost:3000/news/5c60461fc101db26e86667ed (GET): Sun Feb 10 2019 18:47:03 GMT+0300 (Moscow Standard Time)
localhost:3000/news (POST): Sun Feb 10 2019 18:50:14 GMT+0300 (Moscow Standard Time)
localhost:3000/news (POST): Sun Feb 10 2019 18:50:59 GMT+0300 (Moscow Standard Time)
localhost:3000/news (POST): Sun Feb 10 2019 18:53:34 GMT+0300 (Moscow Standard Time)
localhost:3000/ (GET): Sun Feb 10 2019 19:01:26 GMT+0300 (Moscow Standard Time)
localhost:3000/news/5c604532beaa9312a0c79288 (PATCH): Sun Feb 10 2019 19:23:03 GMT+0300 (Moscow Standard Time)
localhost:3000/news/5c6048fee20ed012ac0cabf4 (PATCH): Sun Feb 10 2019 19:23:53 GMT+0300 (Moscow Standard Time)
localhost:3000/news/5c6048fee20ed012ac0cabf4 (PATCH): Sun Feb 10 2019 19:24:54 GMT+0300 (Moscow Standard Time)
localhost:3000/news/5c6048fee20ed012ac0cabf4 (PATCH): Sun Feb 10 2019 19:25:54 GMT+0300 (Moscow Standard Time)
localhost:3000/news/5c6048fee20ed012ac0cabf4 (PATCH): Sun Feb 10 2019 19:31:41 GMT+0300 (Moscow Standard Time)
localhost:3000/news/5c6048fee20ed012ac0cabf4 (PATCH): Sun Feb 10 2019 19:32:12 GMT+0300 (Moscow Standard Time)
localhost:3000/news/5c6048fee20ed012ac0cabf4 (PATCH): Sun Feb 10 2019 19:32:23 GMT+0300 (Moscow Standard Time)
localhost:3000/news (GET): Sun Feb 10 2019 19:36:01 GMT+0300 (Moscow Standard Time)
