localhost:3000/ (GET): Mon Jan 21 2019 09:38:13 GMT+0300 (Moscow Standard Time)
localhost:3000/ (GET): Mon Jan 21 2019 09:38:17 GMT+0300 (Moscow Standard Time)
localhost:3000/ (GET): Mon Jan 21 2019 09:40:03 GMT+0300 (Moscow Standard Time)
localhost:3000/ (GET): Mon Jan 21 2019 09:43:38 GMT+0300 (Moscow Standard Time)
localhost:3000/ (GET): Mon Jan 21 2019 09:43:45 GMT+0300 (Moscow Standard Time)
localhost:3000/ (GET): Mon Jan 21 2019 09:43:46 GMT+0300 (Moscow Standard Time)
localhost:3000/ (GET): Mon Jan 21 2019 09:43:46 GMT+0300 (Moscow Standard Time)
localhost:3000/ (GET): Mon Jan 21 2019 09:43:58 GMT+0300 (Moscow Standard Time)
localhost:3000/ (GET): Mon Jan 21 2019 09:43:59 GMT+0300 (Moscow Standard Time)
localhost:3000/ (GET): Mon Jan 21 2019 09:44:01 GMT+0300 (Moscow Standard Time)
localhost:3000/ (GET): Mon Jan 21 2019 09:44:03 GMT+0300 (Moscow Standard Time)
localhost:3000/ (GET): Mon Jan 21 2019 09:44:56 GMT+0300 (Moscow Standard Time)
localhost:3000/news (GET): Mon Jan 21 2019 09:45:56 GMT+0300 (Moscow Standard Time)
localhost:3000/news/892343743 (GET): Mon Jan 21 2019 09:47:01 GMT+0300 (Moscow Standard Time)
localhost:3000/news/1 (GET): Mon Jan 21 2019 09:48:00 GMT+0300 (Moscow Standard Time)
localhost:3000/news/1 (GET): Mon Jan 21 2019 09:48:07 GMT+0300 (Moscow Standard Time)
localhost:3000/news/16 (GET): Mon Jan 21 2019 09:48:11 GMT+0300 (Moscow Standard Time)
localhost:3000/news (GET): Mon Jan 21 2019 09:48:14 GMT+0300 (Moscow Standard Time)
localhost:3000/ (GET): Mon Jan 21 2019 09:48:17 GMT+0300 (Moscow Standard Time)
localhost:3000/ (GET): Sun Feb 10 2019 18:22:07 GMT+0300 (Moscow Standard Time)
localhost:3000/news (POST): Sun Feb 10 2019 18:37:22 GMT+0300 (Moscow Standard Time)
localhost:3000/news (POST): Sun Feb 10 2019 18:38:00 GMT+0300 (Moscow Standard Time)
localhost:3000/news (POST): Sun Feb 10 2019 18:41:19 GMT+0300 (Moscow Standard Time)
localhost:3000/news/5c60461fc101db26e86667ed (GET): Sun Feb 10 2019 18:45:45 GMT+0300 (Moscow Standard Time)
localhost:3000/news/5c60461fc101db26e86667ed (GET): Sun Feb 10 2019 18:47:03 GMT+0300 (Moscow Standard Time)
localhost:3000/news (POST): Sun Feb 10 2019 18:50:14 GMT+0300 (Moscow Standard Time)
localhost:3000/news (POST): Sun Feb 10 2019 18:50:59 GMT+0300 (Moscow Standard Time)
localhost:3000/news (POST): Sun Feb 10 2019 18:53:34 GMT+0300 (Moscow Standard Time)
localhost:3000/ (GET): Sun Feb 10 2019 19:01:26 GMT+0300 (Moscow Standard Time)
localhost:3000/news/5c604532beaa9312a0c79288 (PATCH): Sun Feb 10 2019 19:23:03 GMT+0300 (Moscow Standard Time)
localhost:3000/news/5c6048fee20ed012ac0cabf4 (PATCH): Sun Feb 10 2019 19:23:53 GMT+0300 (Moscow Standard Time)
localhost:3000/news/5c6048fee20ed012ac0cabf4 (PATCH): Sun Feb 10 2019 19:24:54 GMT+0300 (Moscow Standard Time)
localhost:3000/news/5c6048fee20ed012ac0cabf4 (PATCH): Sun Feb 10 2019 19:25:54 GMT+0300 (Moscow Standard Time)
localhost:3000/news/5c6048fee20ed012ac0cabf4 (PATCH): Sun Feb 10 2019 19:31:41 GMT+0300 (Moscow Standard Time)
localhost:3000/news/5c6048fee20ed012ac0cabf4 (PATCH): Sun Feb 10 2019 19:32:12 GMT+0300 (Moscow Standard Time)
localhost:3000/news/5c6048fee20ed012ac0cabf4 (PATCH): Sun Feb 10 2019 19:32:23 GMT+0300 (Moscow Standard Time)
localhost:3000/news (GET): Sun Feb 10 2019 19:36:01 GMT+0300 (Moscow Standard Time)
localhost:3000/news (GET): Sun Feb 10 2019 19:52:53 GMT+0300 (Moscow Standard Time)
localhost:3000/ (GET): Thu Feb 14 2019 17:48:32 GMT+0300 (Moscow Standard Time)
localhost:3000/news (POST): Thu Feb 14 2019 17:50:25 GMT+0300 (Moscow Standard Time)
localhost:3000/news/5c6580314f191252f886477d (GET): Thu Feb 14 2019 17:51:10 GMT+0300 (Moscow Standard Time)
localhost:3000/news/5c6580314f191252f886477d (GET): Thu Feb 14 2019 17:51:20 GMT+0300 (Moscow Standard Time)
localhost:3000/news/5c6580314f191252f886477d (PATCH): Thu Feb 14 2019 17:52:01 GMT+0300 (Moscow Standard Time)
localhost:3000/news/5c6580314f191252f886477d (GET): Thu Feb 14 2019 17:52:07 GMT+0300 (Moscow Standard Time)
localhost:3000/news?pageSize=10&page=1&sources=local&apiKey=104b255245ef41b2a0311bc877694c67 (GET): Thu Feb 14 2019 18:04:28 GMT+0300 (Moscow Standard Time)
localhost:3000/news (GET): Thu Feb 14 2019 18:06:11 GMT+0300 (Moscow Standard Time)
localhost:3000/news (GET): Thu Feb 14 2019 18:08:47 GMT+0300 (Moscow Standard Time)
localhost:3000/news (GET): Thu Feb 14 2019 18:09:55 GMT+0300 (Moscow Standard Time)
localhost:3000/news (GET): Thu Feb 14 2019 18:12:58 GMT+0300 (Moscow Standard Time)
localhost:3000/news (GET): Thu Feb 14 2019 18:14:19 GMT+0300 (Moscow Standard Time)
localhost:3000/news (GET): Thu Feb 14 2019 18:15:40 GMT+0300 (Moscow Standard Time)
localhost:3000/news (GET): Thu Feb 14 2019 18:16:28 GMT+0300 (Moscow Standard Time)
localhost:3000/news (GET): Thu Feb 14 2019 18:17:21 GMT+0300 (Moscow Standard Time)
localhost:3000/news (POST): Sat Feb 16 2019 13:04:20 GMT+0300 (Moscow Standard Time)
localhost:3000/news (GET): Sat Feb 16 2019 13:04:40 GMT+0300 (Moscow Standard Time)
localhost:3000/news (GET): Mon Feb 18 2019 06:50:30 GMT+0300 (Moscow Standard Time)
localhost:3000/news (POST): Mon Feb 18 2019 06:53:12 GMT+0300 (Moscow Standard Time)
localhost:3000/news (GET): Mon Feb 18 2019 06:53:33 GMT+0300 (Moscow Standard Time)
localhost:3000/news (POST): Mon Feb 18 2019 06:56:54 GMT+0300 (Moscow Standard Time)
localhost:3000/news (GET): Mon Feb 18 2019 07:15:27 GMT+0300 (Moscow Standard Time)
localhost:3000/news/5c6a2d06ae1326606491d0c5 (GET): Mon Feb 18 2019 07:21:21 GMT+0300 (Moscow Standard Time)
localhost:3000/news (POST): Wed Feb 20 2019 16:01:55 GMT+0300 (Moscow Standard Time)
localhost:3000/news (POST): Wed Feb 20 2019 16:09:06 GMT+0300 (Moscow Standard Time)
localhost:3000/news?id=5c6d5172b98c2a5e2c9df659 (GET): Wed Feb 20 2019 16:09:31 GMT+0300 (Moscow Standard Time)
localhost:3000/news (GET): Wed Feb 20 2019 16:09:41 GMT+0300 (Moscow Standard Time)
localhost:3000/news (GET): Wed Feb 20 2019 16:10:26 GMT+0300 (Moscow Standard Time)
localhost:3000/news (GET): Wed Feb 20 2019 16:38:19 GMT+0300 (Moscow Standard Time)
localhost:3000/news (POST): Wed Feb 20 2019 16:42:50 GMT+0300 (Moscow Standard Time)
localhost:3000/news (GET): Wed Feb 20 2019 16:42:53 GMT+0300 (Moscow Standard Time)
localhost:3000/news (GET): Thu Feb 21 2019 07:08:26 GMT+0300 (Moscow Standard Time)
localhost:3000/news (GET): Fri Feb 22 2019 13:53:17 GMT+0300 (Moscow Standard Time)
localhost:3000/news (GET): Fri Feb 22 2019 13:54:13 GMT+0300 (Moscow Standard Time)
localhost:3000/news (GET): Fri Feb 22 2019 13:54:17 GMT+0300 (Moscow Standard Time)
localhost:3000/news (GET): Fri Feb 22 2019 13:55:45 GMT+0300 (Moscow Standard Time)
localhost:3000/news (GET): Fri Feb 22 2019 13:56:56 GMT+0300 (Moscow Standard Time)
localhost:3000/news (GET): Fri Feb 22 2019 13:56:57 GMT+0300 (Moscow Standard Time)
localhost:3000/news (GET): Fri Feb 22 2019 13:58:11 GMT+0300 (Moscow Standard Time)
localhost:3000/news (GET): Fri Feb 22 2019 13:58:45 GMT+0300 (Moscow Standard Time)
localhost:3000/news (GET): Fri Feb 22 2019 15:50:31 GMT+0300 (Moscow Standard Time)
localhost:3000/news (GET): Fri Feb 22 2019 16:11:39 GMT+0300 (Moscow Standard Time)
localhost:3000/news (GET): Fri Feb 22 2019 16:39:45 GMT+0300 (Moscow Standard Time)
localhost:3000/news (GET): Fri Feb 22 2019 16:39:48 GMT+0300 (Moscow Standard Time)
localhost:3000/news (GET): Fri Feb 22 2019 16:39:50 GMT+0300 (Moscow Standard Time)
localhost:3000/news (GET): Fri Feb 22 2019 16:44:35 GMT+0300 (Moscow Standard Time)
localhost:3000/news (GET): Fri Feb 22 2019 16:45:43 GMT+0300 (Moscow Standard Time)
localhost:3000/news (GET): Fri Feb 22 2019 16:46:32 GMT+0300 (Moscow Standard Time)
localhost:3000/news (GET): Fri Feb 22 2019 16:46:47 GMT+0300 (Moscow Standard Time)
localhost:3000/news (GET): Fri Feb 22 2019 16:46:50 GMT+0300 (Moscow Standard Time)
localhost:3000/news (GET): Fri Feb 22 2019 16:49:20 GMT+0300 (Moscow Standard Time)
localhost:3000/news (GET): Fri Feb 22 2019 16:49:39 GMT+0300 (Moscow Standard Time)
localhost:3000/news?id=5c6d595a27bc564ef0f55e00 (GET): Fri Feb 22 2019 16:49:40 GMT+0300 (Moscow Standard Time)
localhost:3000/news?id=5c6d595a27bc564ef0f55e00 (GET): Fri Feb 22 2019 16:50:08 GMT+0300 (Moscow Standard Time)
localhost:3000/news (GET): Fri Feb 22 2019 16:50:18 GMT+0300 (Moscow Standard Time)
localhost:3000/news?id=5c6d595a27bc564ef0f55e00 (GET): Fri Feb 22 2019 16:50:20 GMT+0300 (Moscow Standard Time)
localhost:3000/news?id=5c6d595a27bc564ef0f55e00 (GET): Fri Feb 22 2019 16:52:15 GMT+0300 (Moscow Standard Time)
localhost:3000/news?id=5c6d595a27bc564ef0f55e00 (GET): Fri Feb 22 2019 16:52:26 GMT+0300 (Moscow Standard Time)
localhost:3000/news?id=5c6d595a27bc564ef0f55e00 (GET): Fri Feb 22 2019 16:52:31 GMT+0300 (Moscow Standard Time)
localhost:3000/news/5c6d595a27bc564ef0f55e00 (GET): Fri Feb 22 2019 16:54:20 GMT+0300 (Moscow Standard Time)
localhost:3000/news/5c6d595a27bc564ef0f55e00 (GET): Fri Feb 22 2019 16:55:33 GMT+0300 (Moscow Standard Time)
localhost:3000/news/5c6d595a27bc564ef0f55e00 (GET): Fri Feb 22 2019 16:55:44 GMT+0300 (Moscow Standard Time)
localhost:3000/news (POST): Fri Feb 22 2019 16:56:26 GMT+0300 (Moscow Standard Time)
localhost:3000/news (GET): Sun Feb 24 2019 07:42:39 GMT+0300 (Moscow Standard Time)
localhost:3000/news/5c6fff8af18ec32070b50f05 (GET): Sun Feb 24 2019 07:42:46 GMT+0300 (Moscow Standard Time)
localhost:3000/news/5c6fff8af18ec32070b50f05 (PATCH): Sun Feb 24 2019 07:43:01 GMT+0300 (Moscow Standard Time)
localhost:3000/news (POST): Sun Feb 24 2019 07:43:01 GMT+0300 (Moscow Standard Time)
localhost:3000/news (GET): Sun Feb 24 2019 07:43:03 GMT+0300 (Moscow Standard Time)
localhost:3000/news (GET): Sun Feb 24 2019 07:44:33 GMT+0300 (Moscow Standard Time)
localhost:3000/news/5c7220d5bd23985b2c5ef421 (GET): Sun Feb 24 2019 07:44:36 GMT+0300 (Moscow Standard Time)
localhost:3000/news/5c7220d5bd23985b2c5ef421 (PATCH): Sun Feb 24 2019 07:44:45 GMT+0300 (Moscow Standard Time)
localhost:3000/news/5c7220d5bd23985b2c5ef421 (PATCH): Sun Feb 24 2019 07:44:49 GMT+0300 (Moscow Standard Time)
localhost:3000/news/5c7220d5bd23985b2c5ef421 (GET): Sun Feb 24 2019 07:45:13 GMT+0300 (Moscow Standard Time)
localhost:3000/news (GET): Sun Feb 24 2019 07:45:24 GMT+0300 (Moscow Standard Time)
localhost:3000/news (GET): Sun Feb 24 2019 07:46:08 GMT+0300 (Moscow Standard Time)
localhost:3000/news (GET): Sun Feb 24 2019 07:47:04 GMT+0300 (Moscow Standard Time)
localhost:3000/news/5c7220d5bd23985b2c5ef421 (GET): Sun Feb 24 2019 07:47:07 GMT+0300 (Moscow Standard Time)
localhost:3000/news/5c7220d5bd23985b2c5ef421 (PATCH): Sun Feb 24 2019 07:47:13 GMT+0300 (Moscow Standard Time)
localhost:3000/news (GET): Sun Feb 24 2019 07:47:17 GMT+0300 (Moscow Standard Time)
localhost:3000/news (GET): Sun Feb 24 2019 07:58:17 GMT+0300 (Moscow Standard Time)
localhost:3000/news (GET): Sun Feb 24 2019 07:59:57 GMT+0300 (Moscow Standard Time)
localhost:3000/news (GET): Sun Feb 24 2019 08:00:34 GMT+0300 (Moscow Standard Time)
localhost:3000/news (GET): Sun Feb 24 2019 08:00:46 GMT+0300 (Moscow Standard Time)
localhost:3000/news (GET): Sun Feb 24 2019 08:01:34 GMT+0300 (Moscow Standard Time)
localhost:3000/news (GET): Sun Feb 24 2019 08:06:39 GMT+0300 (Moscow Standard Time)
localhost:3000/news (GET): Sun Feb 24 2019 08:07:08 GMT+0300 (Moscow Standard Time)
localhost:3000/news (GET): Sun Feb 24 2019 08:12:54 GMT+0300 (Moscow Standard Time)
localhost:3000/news/5c6d595a27bc564ef0f55e00 (DELETE): Sun Feb 24 2019 08:12:57 GMT+0300 (Moscow Standard Time)
localhost:3000/news (GET): Sun Feb 24 2019 08:13:17 GMT+0300 (Moscow Standard Time)
localhost:3000/news (POST): Sun Feb 24 2019 08:14:11 GMT+0300 (Moscow Standard Time)
localhost:3000/news (GET): Sun Feb 24 2019 08:14:16 GMT+0300 (Moscow Standard Time)
localhost:3000/news/5c722823f9e17b5ee8f5d148 (DELETE): Sun Feb 24 2019 08:14:22 GMT+0300 (Moscow Standard Time)
localhost:3000/news (GET): Sun Feb 24 2019 08:14:37 GMT+0300 (Moscow Standard Time)
localhost:3000/news (POST): Sun Feb 24 2019 08:16:31 GMT+0300 (Moscow Standard Time)
localhost:3000/news (GET): Sun Feb 24 2019 08:16:32 GMT+0300 (Moscow Standard Time)
localhost:3000/news/5c7228aff9e17b5ee8f5d149 (DELETE): Sun Feb 24 2019 08:16:40 GMT+0300 (Moscow Standard Time)
localhost:3000/news (GET): Sun Feb 24 2019 08:16:40 GMT+0300 (Moscow Standard Time)
localhost:3000/news (GET): Sun Feb 24 2019 08:23:04 GMT+0300 (Moscow Standard Time)
localhost:3000/news/5c7220d5bd23985b2c5ef421 (GET): Sun Feb 24 2019 09:37:05 GMT+0300 (Moscow Standard Time)
localhost:3000/news/5c7220d5bd23985b2c5ef421 (GET): Sun Feb 24 2019 09:40:48 GMT+0300 (Moscow Standard Time)
localhost:3000/news/5c7220d5bd23985b2c5ef421 (GET): Sun Feb 24 2019 09:44:50 GMT+0300 (Moscow Standard Time)
localhost:3000/news (GET): Sun Feb 24 2019 09:45:03 GMT+0300 (Moscow Standard Time)
localhost:3000/news (GET): Sun Feb 24 2019 09:45:04 GMT+0300 (Moscow Standard Time)
localhost:3000/news/5c7220d5bd23985b2c5ef421 (GET): Sun Feb 24 2019 09:45:22 GMT+0300 (Moscow Standard Time)
localhost:3000/news/5c7220d5bd23985b2c5ef421 (GET): Sun Feb 24 2019 09:45:44 GMT+0300 (Moscow Standard Time)
localhost:3000/news (GET): Sun Feb 24 2019 09:45:52 GMT+0300 (Moscow Standard Time)
localhost:3000/news/5c7220d5bd23985b2c5ef421 (GET): Sun Feb 24 2019 09:45:54 GMT+0300 (Moscow Standard Time)
localhost:3000/news (GET): Sun Feb 24 2019 18:45:36 GMT+0300 (Moscow Standard Time)
localhost:3000/news/5c7220d5bd23985b2c5ef421 (GET): Sun Feb 24 2019 18:45:52 GMT+0300 (Moscow Standard Time)
localhost:3000/news/5c7220d5bd23985b2c5ef421 (GET): Sun Feb 24 2019 18:49:24 GMT+0300 (Moscow Standard Time)
localhost:3000/news/5c7220d5bd23985b2c5ef421 (GET): Sun Feb 24 2019 18:49:48 GMT+0300 (Moscow Standard Time)
localhost:3000/news/5c7220d5bd23985b2c5ef421 (GET): Sun Feb 24 2019 18:51:08 GMT+0300 (Moscow Standard Time)
localhost:3000/news/5c7220d5bd23985b2c5ef421 (GET): Sun Feb 24 2019 18:52:07 GMT+0300 (Moscow Standard Time)
localhost:3000/news/5c7220d5bd23985b2c5ef421 (GET): Sun Feb 24 2019 18:52:32 GMT+0300 (Moscow Standard Time)
localhost:3000/news/5c7220d5bd23985b2c5ef421 (GET): Sun Feb 24 2019 18:52:48 GMT+0300 (Moscow Standard Time)
localhost:3000/news/5c7220d5bd23985b2c5ef421 (GET): Sun Feb 24 2019 18:53:00 GMT+0300 (Moscow Standard Time)
localhost:3000/news/5c7220d5bd23985b2c5ef421 (GET): Sun Feb 24 2019 18:53:43 GMT+0300 (Moscow Standard Time)
localhost:3000/news/5c7220d5bd23985b2c5ef421 (GET): Sun Feb 24 2019 18:54:11 GMT+0300 (Moscow Standard Time)
localhost:3000/news/5c7220d5bd23985b2c5ef421 (GET): Sun Feb 24 2019 18:54:16 GMT+0300 (Moscow Standard Time)
localhost:3000/news/5c7220d5bd23985b2c5ef421 (GET): Sun Feb 24 2019 18:56:09 GMT+0300 (Moscow Standard Time)
localhost:3000/news/5c7220d5bd23985b2c5ef421 (GET): Sun Feb 24 2019 18:57:10 GMT+0300 (Moscow Standard Time)
localhost:3000/news/5c7220d5bd23985b2c5ef421 (GET): Sun Feb 24 2019 19:00:52 GMT+0300 (Moscow Standard Time)
localhost:3000/news/5c7220d5bd23985b2c5ef421 (GET): Sun Feb 24 2019 19:03:05 GMT+0300 (Moscow Standard Time)
localhost:3000/news/5c7220d5bd23985b2c5ef421 (GET): Sun Feb 24 2019 19:35:13 GMT+0300 (Moscow Standard Time)
localhost:3000/news/5c7220d5bd23985b2c5ef421 (GET): Sun Feb 24 2019 19:35:30 GMT+0300 (Moscow Standard Time)
localhost:3000/news/5c7220d5bd23985b2c5ef421 (GET): Sun Feb 24 2019 19:35:35 GMT+0300 (Moscow Standard Time)
localhost:3000/news/5c7220d5bd23985b2c5ef421 (GET): Sun Feb 24 2019 19:36:16 GMT+0300 (Moscow Standard Time)
localhost:3000/news/5c7220d5bd23985b2c5ef421 (GET): Sun Feb 24 2019 19:37:19 GMT+0300 (Moscow Standard Time)
localhost:3000/news/5c7220d5bd23985b2c5ef421 (GET): Sun Feb 24 2019 19:37:32 GMT+0300 (Moscow Standard Time)
localhost:3000/news/5c7220d5bd23985b2c5ef421 (GET): Sun Feb 24 2019 19:37:49 GMT+0300 (Moscow Standard Time)
localhost:3000/news/5c7220d5bd23985b2c5ef421 (GET): Sun Feb 24 2019 19:42:40 GMT+0300 (Moscow Standard Time)
localhost:3000/news/5c7220d5bd23985b2c5ef421 (GET): Sun Feb 24 2019 19:43:28 GMT+0300 (Moscow Standard Time)
localhost:3000/news/5c7220d5bd23985b2c5ef421 (GET): Sun Feb 24 2019 19:44:31 GMT+0300 (Moscow Standard Time)
localhost:3000/news/5c7220d5bd23985b2c5ef421 (GET): Sun Feb 24 2019 19:44:47 GMT+0300 (Moscow Standard Time)
localhost:3000/news/5c7220d5bd23985b2c5ef421 (GET): Sun Feb 24 2019 19:45:13 GMT+0300 (Moscow Standard Time)
localhost:3000/news/5c7220d5bd23985b2c5ef421 (GET): Sun Feb 24 2019 19:45:18 GMT+0300 (Moscow Standard Time)
localhost:3000/news/5c7220d5bd23985b2c5ef421 (GET): Sun Feb 24 2019 19:46:15 GMT+0300 (Moscow Standard Time)
localhost:3000/news/5c7220d5bd23985b2c5ef421 (GET): Sun Feb 24 2019 19:47:07 GMT+0300 (Moscow Standard Time)
localhost:3000/news/5c7220d5bd23985b2c5ef421 (GET): Sun Feb 24 2019 19:47:48 GMT+0300 (Moscow Standard Time)
localhost:3000/news/5c7220d5bd23985b2c5ef421 (GET): Sun Feb 24 2019 19:48:05 GMT+0300 (Moscow Standard Time)
localhost:3000/news/5c7220d5bd23985b2c5ef421 (GET): Sun Feb 24 2019 19:48:39 GMT+0300 (Moscow Standard Time)
localhost:3000/news/5c7220d5bd23985b2c5ef421 (GET): Sun Feb 24 2019 19:48:57 GMT+0300 (Moscow Standard Time)
localhost:3000/news/5c7220d5bd23985b2c5ef421 (GET): Sun Feb 24 2019 19:49:17 GMT+0300 (Moscow Standard Time)
localhost:3000/news/5c7220d5bd23985b2c5ef421 (GET): Sun Feb 24 2019 19:50:01 GMT+0300 (Moscow Standard Time)
localhost:3000/news/5c7220d5bd23985b2c5ef421 (GET): Sun Feb 24 2019 19:50:49 GMT+0300 (Moscow Standard Time)
localhost:3000/news/5c7220d5bd23985b2c5ef421 (GET): Sun Feb 24 2019 19:51:07 GMT+0300 (Moscow Standard Time)
localhost:3000/news/5c7220d5bd23985b2c5ef421 (GET): Sun Feb 24 2019 19:52:16 GMT+0300 (Moscow Standard Time)
localhost:3000/news/5c7220d5bd23985b2c5ef421 (GET): Sun Feb 24 2019 19:52:30 GMT+0300 (Moscow Standard Time)
localhost:3000/news/5c7220d5bd23985b2c5ef421 (GET): Sun Feb 24 2019 19:53:04 GMT+0300 (Moscow Standard Time)
localhost:3000/news/5c7220d5bd23985b2c5ef421 (GET): Sun Feb 24 2019 19:54:30 GMT+0300 (Moscow Standard Time)
localhost:3000/news/5c7220d5bd23985b2c5ef421 (GET): Sun Feb 24 2019 19:54:51 GMT+0300 (Moscow Standard Time)
localhost:3000/news/5c7220d5bd23985b2c5ef421 (GET): Sun Feb 24 2019 19:55:22 GMT+0300 (Moscow Standard Time)
localhost:3000/news/5c7220d5bd23985b2c5ef421 (GET): Sun Feb 24 2019 19:55:49 GMT+0300 (Moscow Standard Time)
localhost:3000/news/5c7220d5bd23985b2c5ef421 (GET): Sun Feb 24 2019 19:56:36 GMT+0300 (Moscow Standard Time)
localhost:3000/news/5c7220d5bd23985b2c5ef421 (GET): Sun Feb 24 2019 19:56:57 GMT+0300 (Moscow Standard Time)
localhost:3000/news/5c7220d5bd23985b2c5ef421 (GET): Sun Feb 24 2019 19:57:05 GMT+0300 (Moscow Standard Time)
localhost:3000/news/5c7220d5bd23985b2c5ef421 (GET): Sun Feb 24 2019 19:57:14 GMT+0300 (Moscow Standard Time)
localhost:3000/news/5c7220d5bd23985b2c5ef421 (GET): Sun Feb 24 2019 19:57:56 GMT+0300 (Moscow Standard Time)
localhost:3000/news/5c7220d5bd23985b2c5ef421 (GET): Sun Feb 24 2019 20:04:57 GMT+0300 (Moscow Standard Time)
localhost:3000/news/5c7220d5bd23985b2c5ef421 (GET): Sun Feb 24 2019 20:05:46 GMT+0300 (Moscow Standard Time)
localhost:3000/news/5c7220d5bd23985b2c5ef421 (GET): Sun Feb 24 2019 20:05:48 GMT+0300 (Moscow Standard Time)
localhost:3000/news (GET): Sun Feb 24 2019 20:06:28 GMT+0300 (Moscow Standard Time)
localhost:3000/news/5c7220d5bd23985b2c5ef421 (GET): Sun Feb 24 2019 20:06:31 GMT+0300 (Moscow Standard Time)
localhost:3000/news (GET): Sun Feb 24 2019 20:06:38 GMT+0300 (Moscow Standard Time)
localhost:3000/news/5c7220d5bd23985b2c5ef421 (GET): Sun Feb 24 2019 20:06:40 GMT+0300 (Moscow Standard Time)
localhost:3000/news/5c7220d5bd23985b2c5ef421 (GET): Sun Feb 24 2019 20:06:56 GMT+0300 (Moscow Standard Time)
localhost:3000/news/5c7220d5bd23985b2c5ef421 (GET): Sun Feb 24 2019 20:07:19 GMT+0300 (Moscow Standard Time)
localhost:3000/news/5c7220d5bd23985b2c5ef421 (GET): Sun Feb 24 2019 20:07:29 GMT+0300 (Moscow Standard Time)
localhost:3000/news/5c7220d5bd23985b2c5ef421 (DELETE): Sun Feb 24 2019 20:07:30 GMT+0300 (Moscow Standard Time)
localhost:3000/news (GET): Sun Feb 24 2019 20:07:32 GMT+0300 (Moscow Standard Time)
localhost:3000/news (GET): Sun Feb 24 2019 20:21:27 GMT+0300 (Moscow Standard Time)
localhost:3000/news (GET): Sun Feb 24 2019 20:31:02 GMT+0300 (Moscow Standard Time)
localhost:3000/news (POST): Sun Feb 24 2019 20:31:25 GMT+0300 (Moscow Standard Time)
localhost:3000/news (GET): Sun Feb 24 2019 20:31:27 GMT+0300 (Moscow Standard Time)
localhost:3000/news/5c72d4edf9e17b5ee8f5d14a (GET): Sun Feb 24 2019 20:31:28 GMT+0300 (Moscow Standard Time)
localhost:3000/news/5c72d4edf9e17b5ee8f5d14a (GET): Sun Feb 24 2019 20:32:05 GMT+0300 (Moscow Standard Time)
localhost:3000/news/5c72d4edf9e17b5ee8f5d14a (GET): Sun Feb 24 2019 20:32:27 GMT+0300 (Moscow Standard Time)
localhost:3000/news (GET): Sun Feb 24 2019 20:32:31 GMT+0300 (Moscow Standard Time)
localhost:3000/news (GET): Sun Feb 24 2019 20:34:11 GMT+0300 (Moscow Standard Time)
localhost:3000/news/5c72d4edf9e17b5ee8f5d14a (GET): Sun Feb 24 2019 20:34:13 GMT+0300 (Moscow Standard Time)
localhost:3000/news/5c72d4edf9e17b5ee8f5d14a (GET): Sun Feb 24 2019 20:37:09 GMT+0300 (Moscow Standard Time)
